<?xml version="1.0" encoding="UTF-8"?>
<!-- Generated by org.testng.reporters.JUnitReportReporter -->
<testsuite hostname="DESKTOP-R975OVJ" name="automationAssignment.CSVloginAndroid" tests="1" failures="0" timestamp="14 Dec 2017 19:36:38 GMT" time="103.639" errors="0">
  <testcase name="test" time="103.639" classname="automationAssignment.CSVloginAndroid"/>
</testsuite> <!-- automationAssignment.CSVloginAndroid -->
