<?xml version="1.0" encoding="UTF-8"?>
<!-- Generated by org.testng.reporters.JUnitReportReporter -->
<testsuite hostname="DESKTOP-R975OVJ" name="automationAssignment.CNNaIOS" tests="1" failures="0" timestamp="15 Dec 2017 20:23:39 GMT" time="510.113" errors="0">
  <testcase name="test" time="510.113" classname="automationAssignment.CNNaIOS"/>
</testsuite> <!-- automationAssignment.CNNaIOS -->
