<?xml version="1.0" encoding="UTF-8"?>
<!-- Generated by org.testng.reporters.JUnitReportReporter -->
<testsuite hostname="DESKTOP-R975OVJ" name="automationAssignment.CSVloginIOS" tests="1" failures="0" timestamp="14 Dec 2017 19:36:38 GMT" time="165.024" errors="0">
  <testcase name="test" time="165.024" classname="automationAssignment.CSVloginIOS"/>
</testsuite> <!-- automationAssignment.CSVloginIOS -->
