<?xml version="1.0" encoding="UTF-8"?>
<!-- Generated by org.testng.reporters.JUnitReportReporter -->
<testsuite hostname="DESKTOP-R975OVJ" name="automationAssignment.CSVloginAndroid" tests="1" failures="0" timestamp="15 Dec 2017 19:51:41 GMT" time="154.274" errors="0">
  <testcase name="test" time="154.274" classname="automationAssignment.CSVloginAndroid"/>
</testsuite> <!-- automationAssignment.CSVloginAndroid -->
