<?xml version="1.0" encoding="UTF-8"?>
<!-- Generated by org.testng.reporters.JUnitReportReporter -->
<testsuite hostname="DESKTOP-R975OVJ" name="automationAssignment.CSVlogin" tests="2" failures="0" timestamp="14 Dec 2017 18:35:52 GMT" time="5.898" errors="0">
  <testcase name="testAux" time="5.189" classname="automationAssignment.CSVlogin"/>
  <testcase name="test" time="0.709" classname="automationAssignment.CSVlogin"/>
</testsuite> <!-- automationAssignment.CSVlogin -->
