<?xml version="1.0" encoding="UTF-8"?>
<!-- Generated by org.testng.reporters.JUnitReportReporter -->
<testsuite hostname="DESKTOP-R975OVJ" name="automationAssignment.timerTEst" tests="1" failures="0" timestamp="14 Dec 2017 21:15:49 GMT" time="62.263" errors="0">
  <testcase name="test" time="62.263" classname="automationAssignment.timerTEst"/>
</testsuite> <!-- automationAssignment.timerTEst -->
