<?xml version="1.0" encoding="UTF-8"?>
<!-- Generated by org.testng.reporters.JUnitReportReporter -->
<testsuite hostname="DESKTOP-R975OVJ" name="automationAssignment.TestingClass" tests="1" failures="0" timestamp="15 Dec 2017 20:56:27 GMT" time="82.982" errors="0">
  <testcase name="test" time="82.982" classname="automationAssignment.TestingClass"/>
</testsuite> <!-- automationAssignment.TestingClass -->
